<?xml version="1.0" encoding="UTF-8"?>
<robot generator="Robot 7.3.2 (Python 3.13.2 on win32)" generated="2026-02-25T12:21:09.676272" rpa="false" schemaversion="5">
<suite id="s1" name="Test Login" source="H:\RobotFrameworkProjects\Practice_Test_Automation\Tests\test_login.robot">
<test id="s1-t1" name="Login Test" line="6">
<kw name="Open Login Page" owner="common_keywords">
<kw name="Open Browser" owner="SeleniumLibrary">
<msg time="2026-02-25T12:21:10.197478" level="INFO">Opening browser 'chrome' to base url 'https://practicetestautomation.com/practice-test-login/'.</msg>
<arg>${URL}</arg>
<arg>${BROWSER}</arg>
<doc>Opens a new browser instance to the optional ``url``.</doc>
<status status="PASS" start="2026-02-25T12:21:10.197185" elapsed="3.940564"/>
</kw>
<kw name="Maximize Browser Window" owner="SeleniumLibrary">
<doc>Maximizes current browser window.</doc>
<status status="PASS" start="2026-02-25T12:21:14.138770" elapsed="0.036396"/>
</kw>
<status status="PASS" start="2026-02-25T12:21:10.196065" elapsed="3.979237"/>
</kw>
<kw name="Login" owner="common_keywords">
<kw name="Input Text" owner="SeleniumLibrary">
<msg time="2026-02-25T12:21:14.176355" level="INFO">Typing text 'student' into text field 'name:username'.</msg>
<arg>${USERNAME_FIELD}</arg>
<arg>student</arg>
<doc>Types the given ``text`` into the text field identified by ``locator``.</doc>
<status status="PASS" start="2026-02-25T12:21:14.176003" elapsed="0.196012"/>
</kw>
<kw name="Input Text" owner="SeleniumLibrary">
<msg time="2026-02-25T12:21:14.372583" level="INFO">Typing text 'Password123' into text field 'name:password'.</msg>
<arg>${PASSWORD_FIELD}</arg>
<arg>Password123</arg>
<doc>Types the given ``text`` into the text field identified by ``locator``.</doc>
<status status="PASS" start="2026-02-25T12:21:14.372211" elapsed="0.094079"/>
</kw>
<kw name="Click Element" owner="SeleniumLibrary">
<msg time="2026-02-25T12:21:14.467443" level="INFO">Clicking element 'id:submit'.</msg>
<arg>${LOGIN_FIELD}</arg>
<doc>Click the element identified by ``locator``.</doc>
<status status="PASS" start="2026-02-25T12:21:14.466539" elapsed="0.677197"/>
</kw>
<status status="PASS" start="2026-02-25T12:21:14.175671" elapsed="0.968223"/>
</kw>
<kw name="Page Should Contain" owner="SeleniumLibrary">
<msg time="2026-02-25T12:21:15.168032" level="INFO">Current page contains text 'Congratulations'.</msg>
<arg>Congratulations</arg>
<doc>Verifies that current page contains ``text``.</doc>
<status status="PASS" start="2026-02-25T12:21:15.144196" elapsed="0.023964"/>
</kw>
<kw name="Close Browser" owner="SeleniumLibrary" type="TEARDOWN">
<doc>Closes the current browser.</doc>
<status status="PASS" start="2026-02-25T12:21:15.168577" elapsed="2.262448"/>
</kw>
<status status="PASS" start="2026-02-25T12:21:10.195258" elapsed="7.236616"/>
</test>
<test id="s1-t2" name="Negetive Username Test" line="12">
<kw name="Open Login Page" owner="common_keywords">
<kw name="Open Browser" owner="SeleniumLibrary">
<msg time="2026-02-25T12:21:17.438814" level="INFO">Opening browser 'chrome' to base url 'https://practicetestautomation.com/practice-test-login/'.</msg>
<arg>${URL}</arg>
<arg>${BROWSER}</arg>
<doc>Opens a new browser instance to the optional ``url``.</doc>
<status status="PASS" start="2026-02-25T12:21:17.437960" elapsed="2.870635"/>
</kw>
<kw name="Maximize Browser Window" owner="SeleniumLibrary">
<doc>Maximizes current browser window.</doc>
<status status="PASS" start="2026-02-25T12:21:20.308924" elapsed="0.034351"/>
</kw>
<status status="PASS" start="2026-02-25T12:21:17.436855" elapsed="2.906595"/>
</kw>
<kw name="Negetive Username" owner="common_keywords">
<kw name="Input Text" owner="SeleniumLibrary">
<msg time="2026-02-25T12:21:20.344396" level="INFO">Typing text 'incorrectUser' into text field 'name:username'.</msg>
<arg>${USERNAME_FIELD}</arg>
<arg>incorrectUser</arg>
<doc>Types the given ``text`` into the text field identified by ``locator``.</doc>
<status status="PASS" start="2026-02-25T12:21:20.344164" elapsed="0.191829"/>
</kw>
<kw name="Input Text" owner="SeleniumLibrary">
<msg time="2026-02-25T12:21:20.536624" level="INFO">Typing text 'Password123' into text field 'name:password'.</msg>
<arg>${PASSWORD_FIELD}</arg>
<arg>Password123</arg>
<doc>Types the given ``text`` into the text field identified by ``locator``.</doc>
<status status="PASS" start="2026-02-25T12:21:20.536274" elapsed="0.100923"/>
</kw>
<kw name="Click Element" owner="SeleniumLibrary">
<msg time="2026-02-25T12:21:20.637594" level="INFO">Clicking element 'id:submit'.</msg>
<arg>${LOGIN_FIELD}</arg>
<doc>Click the element identified by ``locator``.</doc>
<status status="PASS" start="2026-02-25T12:21:20.637374" elapsed="0.074580"/>
</kw>
<status status="PASS" start="2026-02-25T12:21:20.343858" elapsed="0.368221"/>
</kw>
<kw name="Page Should Contain" owner="SeleniumLibrary">
<msg time="2026-02-25T12:21:20.734988" level="INFO">Current page contains text 'Your username is invalid!'.</msg>
<arg>Your username is invalid!</arg>
<doc>Verifies that current page contains ``text``.</doc>
<status status="PASS" start="2026-02-25T12:21:20.712341" elapsed="0.022805"/>
</kw>
<kw name="Close Browser" owner="SeleniumLibrary" type="TEARDOWN">
<doc>Closes the current browser.</doc>
<status status="PASS" start="2026-02-25T12:21:20.735698" elapsed="2.236091"/>
</kw>
<status status="PASS" start="2026-02-25T12:21:17.434495" elapsed="5.538005"/>
</test>
<test id="s1-t3" name="Logout Test" line="18">
<kw name="Open Login Page" owner="common_keywords">
<kw name="Open Browser" owner="SeleniumLibrary">
<msg time="2026-02-25T12:21:22.978727" level="INFO">Opening browser 'chrome' to base url 'https://practicetestautomation.com/practice-test-login/'.</msg>
<arg>${URL}</arg>
<arg>${BROWSER}</arg>
<doc>Opens a new browser instance to the optional ``url``.</doc>
<status status="PASS" start="2026-02-25T12:21:22.977583" elapsed="2.783047"/>
</kw>
<kw name="Maximize Browser Window" owner="SeleniumLibrary">
<doc>Maximizes current browser window.</doc>
<status status="PASS" start="2026-02-25T12:21:25.761193" elapsed="0.028324"/>
</kw>
<status status="PASS" start="2026-02-25T12:21:22.976077" elapsed="2.813587"/>
</kw>
<kw name="Login" owner="common_keywords">
<kw name="Input Text" owner="SeleniumLibrary">
<msg time="2026-02-25T12:21:25.790835" level="INFO">Typing text 'student' into text field 'name:username'.</msg>
<arg>${USERNAME_FIELD}</arg>
<arg>student</arg>
<doc>Types the given ``text`` into the text field identified by ``locator``.</doc>
<status status="PASS" start="2026-02-25T12:21:25.790476" elapsed="0.148576"/>
</kw>
<kw name="Input Text" owner="SeleniumLibrary">
<msg time="2026-02-25T12:21:25.939726" level="INFO">Typing text 'Password123' into text field 'name:password'.</msg>
<arg>${PASSWORD_FIELD}</arg>
<arg>Password123</arg>
<doc>Types the given ``text`` into the text field identified by ``locator``.</doc>
<status status="PASS" start="2026-02-25T12:21:25.939341" elapsed="0.114188"/>
</kw>
<kw name="Click Element" owner="SeleniumLibrary">
<msg time="2026-02-25T12:21:26.053966" level="INFO">Clicking element 'id:submit'.</msg>
<arg>${LOGIN_FIELD}</arg>
<doc>Click the element identified by ``locator``.</doc>
<status status="PASS" start="2026-02-25T12:21:26.053717" elapsed="0.675372"/>
</kw>
<status status="PASS" start="2026-02-25T12:21:25.790097" elapsed="0.940560"/>
</kw>
<kw name="Logout" owner="common_keywords">
<kw name="Click Element" owner="SeleniumLibrary">
<msg time="2026-02-25T12:21:26.733324" level="INFO">Clicking element 'xpath://a[normalize-space()='Log out']'.</msg>
<arg>${LOGOUT_FIELD}</arg>
<doc>Click the element identified by ``locator``.</doc>
<status status="PASS" start="2026-02-25T12:21:26.732852" elapsed="0.374677"/>
</kw>
<status status="PASS" start="2026-02-25T12:21:26.731751" elapsed="0.375891"/>
</kw>
<kw name="Page Should Contain" owner="SeleniumLibrary">
<msg time="2026-02-25T12:21:27.135460" level="INFO">Current page contains text 'Test login'.</msg>
<arg>Test login</arg>
<doc>Verifies that current page contains ``text``.</doc>
<status status="PASS" start="2026-02-25T12:21:27.107961" elapsed="0.027635"/>
</kw>
<kw name="Close Browser" owner="SeleniumLibrary" type="TEARDOWN">
<doc>Closes the current browser.</doc>
<status status="PASS" start="2026-02-25T12:21:27.136129" elapsed="2.210719"/>
</kw>
<status status="PASS" start="2026-02-25T12:21:22.974217" elapsed="6.373378"/>
</test>
<status status="PASS" start="2026-02-25T12:21:09.678462" elapsed="19.672457"/>
</suite>
<statistics>
<total>
<stat pass="3" fail="0" skip="0">All Tests</stat>
</total>
<tag>
</tag>
<suite>
<stat name="Test Login" id="s1" pass="3" fail="0" skip="0">Test Login</stat>
</suite>
</statistics>
<errors>
</errors>
</robot>
