<?xml version="1.0" encoding="UTF-8"?>
<robot generator="Robot 7.3.2 (Python 3.13.2 on win32)" generated="2026-02-21T16:48:06.986127" rpa="false" schemaversion="5">
<suite id="s1" name="Tests" source="H:\RobotFrameworkProjects\Practice_Test_Automation\Tests">
<suite id="s1-s1" name="Test Login" source="H:\RobotFrameworkProjects\Practice_Test_Automation\Tests\test_login.robot">
<test id="s1-s1-t1" name="Open Login Page" line="5">
<kw name="Open Browser" owner="SeleniumLibrary">
<msg time="2026-02-21T16:48:07.762436" level="INFO">Opening browser 'chrome' to base url 'https://practicetestautomation.com/practice-test-login/'.</msg>
<arg>https://practicetestautomation.com/practice-test-login/</arg>
<arg>chrome</arg>
<doc>Opens a new browser instance to the optional ``url``.</doc>
<status status="PASS" start="2026-02-21T16:48:07.761685" elapsed="4.181253"/>
</kw>
<kw name="Sleep" owner="BuiltIn">
<msg time="2026-02-21T16:48:14.954357" level="INFO">Slept 3 seconds.</msg>
<arg>3s</arg>
<doc>Pauses the test executed for the given time.</doc>
<status status="PASS" start="2026-02-21T16:48:11.944762" elapsed="3.010222"/>
</kw>
<kw name="Close Browser" owner="SeleniumLibrary">
<doc>Closes the current browser.</doc>
<status status="PASS" start="2026-02-21T16:48:15.336822" elapsed="2.547995"/>
</kw>
<status status="PASS" start="2026-02-21T16:48:07.759862" elapsed="10.126123"/>
</test>
<status status="PASS" start="2026-02-21T16:48:07.061187" elapsed="10.827377"/>
</suite>
<status status="PASS" start="2026-02-21T16:48:06.988825" elapsed="10.903042"/>
</suite>
<statistics>
<total>
<stat pass="1" fail="0" skip="0">All Tests</stat>
</total>
<tag>
</tag>
<suite>
<stat name="Tests" id="s1" pass="1" fail="0" skip="0">Tests</stat>
<stat name="Test Login" id="s1-s1" pass="1" fail="0" skip="0">Tests.Test Login</stat>
</suite>
</statistics>
<errors>
</errors>
</robot>
